<?xml version="1.0" encoding="UTF-8"?>
<testng-results skipped="0" failed="0" ignored="1" total="2" passed="1">
  <reporter-output>
  </reporter-output>
  <suite name="Default suite" duration-ms="42" started-at="2018-07-28T15:15:11Z" finished-at="2018-07-28T15:15:11Z">
    <groups>
    </groups>
    <test name="Default test" duration-ms="42" started-at="2018-07-28T15:15:11Z" finished-at="2018-07-28T15:15:11Z">
      <class name="TestNG.Annotations">
        <test-method status="PASS" signature="beforeSuite()[pri:0, instance:TestNG.Annotations@74650e52]" name="beforeSuite" is-config="true" duration-ms="13" started-at="2018-07-28T15:15:11Z" finished-at="2018-07-28T15:15:11Z">
          <reporter-output>
          </reporter-output>
        </test-method> <!-- beforeSuite -->
        <test-method status="PASS" signature="beforeTest()[pri:0, instance:TestNG.Annotations@74650e52]" name="beforeTest" is-config="true" duration-ms="0" started-at="2018-07-28T15:15:11Z" finished-at="2018-07-28T15:15:11Z">
          <reporter-output>
          </reporter-output>
        </test-method> <!-- beforeTest -->
        <test-method status="PASS" signature="beforeClass()[pri:0, instance:TestNG.Annotations@74650e52]" name="beforeClass" is-config="true" duration-ms="0" started-at="2018-07-28T15:15:11Z" finished-at="2018-07-28T15:15:11Z">
          <reporter-output>
          </reporter-output>
        </test-method> <!-- beforeClass -->
        <test-method status="PASS" signature="beforeMethod()[pri:0, instance:TestNG.Annotations@74650e52]" name="beforeMethod" is-config="true" duration-ms="1" started-at="2018-07-28T15:15:11Z" finished-at="2018-07-28T15:15:11Z">
          <reporter-output>
          </reporter-output>
        </test-method> <!-- beforeMethod -->
        <test-method status="PASS" signature="testCase1()[pri:0, instance:TestNG.Annotations@74650e52]" name="testCase1" duration-ms="8" started-at="2018-07-28T15:15:11Z" finished-at="2018-07-28T15:15:11Z">
          <reporter-output>
          </reporter-output>
        </test-method> <!-- testCase1 -->
        <test-method status="PASS" signature="afterMethod()[pri:0, instance:TestNG.Annotations@74650e52]" name="afterMethod" is-config="true" duration-ms="1" started-at="2018-07-28T15:15:11Z" finished-at="2018-07-28T15:15:11Z">
          <reporter-output>
          </reporter-output>
        </test-method> <!-- afterMethod -->
        <test-method status="PASS" signature="afterClass()[pri:0, instance:TestNG.Annotations@74650e52]" name="afterClass" is-config="true" duration-ms="1" started-at="2018-07-28T15:15:11Z" finished-at="2018-07-28T15:15:11Z">
          <reporter-output>
          </reporter-output>
        </test-method> <!-- afterClass -->
        <test-method status="PASS" signature="afterTest()[pri:0, instance:TestNG.Annotations@74650e52]" name="afterTest" is-config="true" duration-ms="1" started-at="2018-07-28T15:15:11Z" finished-at="2018-07-28T15:15:11Z">
          <reporter-output>
          </reporter-output>
        </test-method> <!-- afterTest -->
        <test-method status="PASS" signature="afterSuite()[pri:0, instance:TestNG.Annotations@74650e52]" name="afterSuite" is-config="true" duration-ms="1" started-at="2018-07-28T15:15:11Z" finished-at="2018-07-28T15:15:11Z">
          <reporter-output>
          </reporter-output>
        </test-method> <!-- afterSuite -->
      </class> <!-- TestNG.Annotations -->
    </test> <!-- Default test -->
  </suite> <!-- Default suite -->
</testng-results>
